<?xml version="1.0" encoding="UTF-8"?>
<!-- Generated by org.testng.reporters.JUnitReportReporter -->
<testsuite hostname="Soumyasmita" failures="0" tests="1" name="testScript.WishList" time="6.731" errors="0" timestamp="2024-07-26T11:13:24 IST" skipped="0">
  <testcase classname="testScript.WishList" name="Verify_user_is_able_To_Add_Product_To_Wishlist" time="6.731"/>
  <system-out>
    <![CDATA[Book Page Successfully
Fiction Page Successfully
Wishlist Page Successfully]]>
  </system-out>
</testsuite> <!-- testScript.WishList -->
