<?xml version="1.0" encoding="UTF-8"?>
<!-- Generated by org.testng.reporters.JUnitReportReporter -->
<testsuite hostname="Soumyasmita" failures="0" tests="1" name="testScript.WishlistTestcase.WishListTestcase" time="6.147" errors="0" timestamp="2024-07-29T10:42:42 IST" skipped="0">
  <testcase classname="testScript.WishlistTestcase.WishListTestcase" name="Verify_user_is_able_To_Add_Product_To_Wishlist" time="6.147"/>
  <system-out>
    <![CDATA[Book Page Successfully
Fiction Page Successfully
Wishlist Page Successfully]]>
  </system-out>
</testsuite> <!-- testScript.WishlistTestcase.WishListTestcase -->
