<?xml version="1.0" encoding="UTF-8"?>
<!-- Generated by org.testng.reporters.JUnitReportReporter -->
<testsuite hostname="Soumyasmita" failures="0" tests="1" name="testScript.searchTestCase.SingleProductAddToCartTestCase" time="7.654" errors="0" timestamp="2024-07-29T10:42:20 IST" skipped="0">
  <testcase classname="testScript.searchTestCase.SingleProductAddToCartTestCase" name="Verify_user_is_able_To_Add_Product_in_Cart" time="7.654"/>
  <system-out>
    <![CDATA[Book Page Successfully
Computing and Internet Page Successfully
cart Page Successfully
addtocart test case pass]]>
  </system-out>
</testsuite> <!-- testScript.searchTestCase.SingleProductAddToCartTestCase -->
