<?xml version="1.0" encoding="UTF-8"?>
<!-- Generated by org.testng.reporters.JUnitReportReporter -->
<testsuite hostname="Soumyasmita" failures="0" tests="4" name="testScript.RegisterTestCase.RegisterTestCase" time="22.845" errors="0" timestamp="2024-07-29T10:37:51 IST" skipped="0">
  <testcase classname="testScript.RegisterTestCase.RegisterTestCase" name="verify_User_Is_Able_To_Register" time="5.710"/>
  <system-out>
    <![CDATA[Register page is Displayed.
Register succesful]]>
  </system-out>
  <testcase classname="testScript.RegisterTestCase.RegisterTestCase" name="verify_User_Is_Able_To_Register" time="5.699"/>
  <system-out>
    <![CDATA[Register page is Displayed.
Register succesful]]>
  </system-out>
  <testcase classname="testScript.RegisterTestCase.RegisterTestCase" name="verify_User_Is_Able_To_Register" time="5.925"/>
  <system-out>
    <![CDATA[Register page is Displayed.
Register succesful]]>
  </system-out>
  <testcase classname="testScript.RegisterTestCase.RegisterTestCase" name="verify_User_Is_Able_To_Register" time="5.511"/>
  <system-out>
    <![CDATA[Register page is Displayed.
Register succesful]]>
  </system-out>
</testsuite> <!-- testScript.RegisterTestCase.RegisterTestCase -->
